2024-01-17 12:00:23,389 INFO com.flightmanagementsystem.FmsApplication [restartedMain] Starting FmsApplication using Java 17.0.9 on Gopal with PID 21972 (D:\Gopal\FMS\target\classes started by burag in D:\Gopal\FMS)
2024-01-17 12:00:23,394 INFO com.flightmanagementsystem.FmsApplication [restartedMain] No active profile set, falling back to 1 default profile: "default"
2024-01-17 12:00:25,082 INFO org.apache.catalina.core.StandardService [restartedMain] Starting service [Tomcat]
2024-01-17 12:00:25,082 INFO org.apache.catalina.core.StandardEngine [restartedMain] Starting Servlet engine: [Apache Tomcat/9.0.80]
2024-01-17 12:00:25,154 INFO org.apache.catalina.core.ContainerBase.[Tomcat].[localhost].[/] [restartedMain] Initializing Spring embedded WebApplicationContext
2024-01-17 12:00:25,284 INFO org.hibernate.jpa.internal.util.LogHelper [restartedMain] HHH000204: Processing PersistenceUnitInfo [name: default]
2024-01-17 12:00:25,337 INFO org.hibernate.Version [restartedMain] HHH000412: Hibernate ORM core version 5.6.15.Final
2024-01-17 12:00:25,478 INFO org.hibernate.annotations.common.Version [restartedMain] HCANN000001: Hibernate Commons Annotations {5.1.2.Final}
2024-01-17 12:00:25,582 INFO com.zaxxer.hikari.HikariDataSource [restartedMain] HikariPool-1 - Starting...
2024-01-17 12:00:25,758 INFO com.zaxxer.hikari.HikariDataSource [restartedMain] HikariPool-1 - Start completed.
2024-01-17 12:00:25,775 INFO org.hibernate.dialect.Dialect [restartedMain] HHH000400: Using dialect: org.hibernate.dialect.PostgreSQLDialect
2024-01-17 12:00:26,633 INFO org.hibernate.engine.transaction.jta.platform.internal.JtaPlatformInitiator [restartedMain] HHH000490: Using JtaPlatform implementation: [org.hibernate.engine.transaction.jta.platform.internal.NoJtaPlatform]
2024-01-17 12:00:27,323 INFO springfox.documentation.spring.web.PropertySourcedRequestMappingHandlerMapping [restartedMain] Mapped URL path [/v2/api-docs] onto method [springfox.documentation.swagger2.web.Swagger2Controller#getDocumentation(String, HttpServletRequest)]
2024-01-17 12:00:27,644 INFO springfox.documentation.spring.web.plugins.DocumentationPluginsBootstrapper [restartedMain] Context refreshed
2024-01-17 12:00:27,668 INFO springfox.documentation.spring.web.plugins.DocumentationPluginsBootstrapper [restartedMain] Found 1 custom documentation plugin(s)
2024-01-17 12:00:27,692 INFO springfox.documentation.spring.web.scanners.ApiListingReferenceScanner [restartedMain] Scanning for api listing references
2024-01-17 12:00:27,863 INFO com.flightmanagementsystem.FmsApplication [restartedMain] Started FmsApplication in 4.825 seconds (JVM running for 5.55)
2024-01-17 12:00:27,869 INFO com.flightmanagementsystem.FmsApplication [restartedMain] -----------------------Application is running-------------------
2024-01-17 12:49:49,242 INFO org.apache.catalina.core.StandardService [RMI TCP Connection(53)-127.0.0.1] Stopping service [Tomcat]
2024-01-17 12:49:49,279 INFO com.zaxxer.hikari.HikariDataSource [RMI TCP Connection(53)-127.0.0.1] HikariPool-1 - Shutdown initiated...
2024-01-17 12:49:49,285 INFO com.zaxxer.hikari.HikariDataSource [RMI TCP Connection(53)-127.0.0.1] HikariPool-1 - Shutdown completed.
